<?xml version="1.0" encoding="UTF-8"?>
<beans xmlns="http://www.springframework.org/schema/beans"
       xmlns:xsi="http://www.w3.org/2001/XMLSchema-instance"
       xmlns:context="http://www.springframework.org/schema/context"
       xmlns:tx="http://www.springframework.org/schema/tx"
              xmlns:aop="http://www.springframework.org/schema/aop"
       xsi:schemaLocation="http://www.springframework.org/schema/beans
                           http://www.springframework.org/schema/beans/spring-beans.xsd
                           http://www.springframework.org/schema/mvc
                           http://www.springframework.org/schema/mvc/spring-mvc.xsd
                           http://www.springframework.org/schema/tx 
                           http://www.springframework.org/schema/tx/spring-tx-3.0.xsd
                           http://www.springframework.org/schema/context
                           http://www.springframework.org/schema/context/spring-context.xsd
       http://www.springframework.org/schema/aop http://www.springframework.org/schema/aop/spring-aop-3.2.xsd"> 

    <tx:annotation-driven />
    
    <!--<context:component-scan base-package="com.sg.dbacms" /> -->
    
    <!-- Bean definitions go here -->
    
    <bean id="dbacmsDao" 
          class="com.sg.dbacms.dao.DBACMSDaoDbImpl">
        <property name="jdbcTemplate" ref="jdbcTemplate" />
    </bean>
    
    <bean id="dataSource"
          class="org.apache.commons.dbcp2.BasicDataSource">
        <property name="driverClassName" value="com.mysql.jdbc.Driver"/>
        <property name="url" 
                  value="jdbc:mysql://localhost:3306/dbacms_test" />
        <property name="username" value="root" />
        <property name="password" value="root" />
        <property name="initialSize" value="5" />
        <property name="maxTotal" value="10" />
    </bean>
    
    <bean id="transactionManager"
          class="org.springframework.jdbc.datasource.DataSourceTransactionManager">
        <property name="dataSource" ref="dataSource" />
    </bean>
    
    <bean id="jdbcTemplate"
          class="org.springframework.jdbc.core.JdbcTemplate">
        <property name="dataSource" ref="dataSource" />
    </bean>
    
<!--    <bean id="transactionManager"
          class="org.springframework.orm.jpa.JpaTransactionManager">
        <property name="entityManagerFactory" ref="entityManagerFactory" />
    </bean>-->
    
<!--    <jpa:repositories base-package="com.sg.dbacms.dao" />
    
    <bean id="hibernateJpaVendorAdapter" class="org.springframework.orm.jpa.vendor.HibernateJpaVendorAdapter"/>-->
    
<!--    <bean id="entityManagerFactory" class="org.springframework.orm.jpa.LocalContainerEntityManagerFactoryBean">
        <property name="dataSource" ref="dataSource"/>
        <property name="jpaVendorAdapter" ref="hibernateJpaVendorAdapter"/>
        <property name="packagesToScan" value="com.sg.dbacms.model"/>
        <property name="jpaProperties">
            <props>
                    Configures the used database dialect. This allows Hibernate to create SQL
                    that is optimized for the used database.
                
                <prop key="hibernate.dialect">org.hibernate.dialect.MySQL5InnoDBDialect</prop>
                
                    Specifies the action that is invoked to the database when the Hibernate
                    SessionFactory is created or closed.
                
                <prop key="hibernate.hbm2ddl.auto">none</prop>
                
                    If the value of this property is true, Hibernate writes all SQL
                    statements to the console.
                
                <prop key="hibernate.show_sql">true</prop>
            
                    If the value of this property is true, Hibernate will use prettyprint
                    when it writes SQL to the console.
                
                <prop key="hibernate.format_sql">true</prop>
            </props>
        </property>
    </bean>-->
    
</beans>
